# JRE version: OpenJDK Runtime Environment Corretto-18.0.2.9.1 (18.0.2+9) (build 18.0.2+9-FR)
# Java VM: OpenJDK 64-Bit Server VM Corretto-18.0.2.9.1 (18.0.2+9-FR, mixed mode, sharing, tiered, compressed oops, compressed class ptrs, g1 gc, bsd-amd64)
GC Precious Log:
 CardTable entry size: 512
 Card Set container configuration: InlinePtr #cards 4 size 8 Array Of Cards #cards 16 size 48 Howl #buckets 8 coarsen threshold 3686 Howl Bitmap #cards 512 size 80 coarsen threshold 460 Card regions per heap region 1 cards per card region 4096
 CPUs: 16 total, 16 available
 Memory: 16384M
 Large Page Support: Disabled
 NUMA Support: Disabled
 Compressed Oops: Enabled (Zero based)
 Heap Region Size: 2M
 Heap Min Capacity: 8M
 Heap Initial Capacity: 256M
 Heap Max Capacity: 4G
 Pre-touch: Disabled
 Parallel Workers: 13
 Concurrent Workers: 3
 Concurrent Refinement Workers: 13
 Periodic GC: Disabled
Heap:
 garbage-first heap   total 151552K, used 97005K [0x0000000700000000, 0x0000000800000000)
  region size 2048K, 33 young (67584K), 3 survivors (6144K)
 Metaspace       used 15455K, committed 15616K, reserved 1114112K
  class space    used 1529K, committed 1600K, reserved 1048576K
GC Heap History (20 events):
Event: 0.398 GC heap after
{Heap after GC invocations=2 (full 0):
 garbage-first heap   total 266240K, used 12237K [0x0000000700000000, 0x0000000800000000)
  region size 2048K, 1 young (2048K), 1 survivors (2048K)
 Metaspace       used 7331K, committed 7424K, reserved 1114112K
  class space    used 289K, committed 320K, reserved 1048576K
}
Event: 0.698 GC heap before
{Heap before GC invocations=2 (full 0):
 garbage-first heap   total 266240K, used 59341K [0x0000000700000000, 0x0000000800000000)
  region size 2048K, 24 young (49152K), 1 survivors (2048K)
 Metaspace       used 7495K, committed 7744K, reserved 1114112K
  class space    used 316K, committed 448K, reserved 1048576K
}
Event: 0.699 GC heap after
{Heap after GC invocations=3 (full 0):
 garbage-first heap   total 266240K, used 12645K [0x0000000700000000, 0x0000000800000000)
  region size 2048K, 1 young (2048K), 1 survivors (2048K)
 Metaspace       used 7495K, committed 7744K, reserved 1114112K
  class space    used 316K, committed 448K, reserved 1048576K
}
Event: 1.213 GC heap before
{Heap before GC invocations=3 (full 0):
 garbage-first heap   total 266240K, used 110949K [0x0000000700000000, 0x0000000800000000)
  region size 2048K, 13 young (26624K), 1 survivors (2048K)
 Metaspace       used 10382K, committed 10560K, reserved 1114112K
  class space    used 996K, committed 1088K, reserved 1048576K
}
Event: 1.215 GC heap after
{Heap after GC invocations=4 (full 0):
 garbage-first heap   total 266240K, used 90121K [0x0000000700000000, 0x0000000800000000)
  region size 2048K, 2 young (4096K), 2 survivors (4096K)
 Metaspace       used 10382K, committed 10560K, reserved 1114112K
  class space    used 996K, committed 1088K, reserved 1048576K
}
Event: 1.534 GC heap before
{Heap before GC invocations=4 (full 0):
 garbage-first heap   total 266240K, used 157705K [0x0000000700000000, 0x0000000800000000)
  region size 2048K, 3 young (6144K), 2 survivors (4096K)
 Metaspace       used 10382K, committed 10560K, reserved 1114112K
  class space    used 996K, committed 1088K, reserved 1048576K
}
Event: 1.536 GC heap after
{Heap after GC invocations=5 (full 0):
 garbage-first heap   total 266240K, used 157789K [0x0000000700000000, 0x0000000800000000)
  region size 2048K, 2 young (4096K), 2 survivors (4096K)
 Metaspace       used 10382K, committed 10560K, reserved 1114112K
  class space    used 996K, committed 1088K, reserved 1048576K
}
Event: 2.162 GC heap before
{Heap before GC invocations=6 (full 0):
 garbage-first heap   total 491520K, used 290909K [0x0000000700000000, 0x0000000800000000)
  region size 2048K, 2 young (4096K), 2 survivors (4096K)
 Metaspace       used 10382K, committed 10560K, reserved 1114112K
  class space    used 996K, committed 1088K, reserved 1048576K
}
Event: 2.164 GC heap after
{Heap after GC invocations=7 (full 0):
 garbage-first heap   total 491520K, used 290926K [0x0000000700000000, 0x0000000800000000)
  region size 2048K, 2 young (4096K), 2 survivors (4096K)
 Metaspace       used 10382K, committed 10560K, reserved 1114112K
  class space    used 996K, committed 1088K, reserved 1048576K
}
Event: 2.943 GC heap before
{Heap before GC invocations=8 (full 0):
 garbage-first heap   total 931840K, used 555118K [0x0000000700000000, 0x0000000800000000)
  region size 2048K, 2 young (4096K), 2 survivors (4096K)
 Metaspace       used 10382K, committed 10560K, reserved 1114112K
  class space    used 996K, committed 1088K, reserved 1048576K
}
Event: 2.946 GC heap after
{Heap after GC invocations=9 (full 0):
 garbage-first heap   total 931840K, used 555152K [0x0000000700000000, 0x0000000800000000)
  region size 2048K, 2 young (4096K), 2 survivors (4096K)
 Metaspace       used 10382K, committed 10560K, reserved 1114112K
  class space    used 996K, committed 1088K, reserved 1048576K
}
Event: 3.215 GC heap before
{Heap before GC invocations=10 (full 0):
 garbage-first heap   total 1628160K, used 972944K [0x0000000700000000, 0x0000000800000000)
  region size 2048K, 3 young (6144K), 2 survivors (4096K)
 Metaspace       used 10382K, committed 10560K, reserved 1114112K
  class space    used 996K, committed 1088K, reserved 1048576K
}
Event: 3.218 GC heap after
{Heap after GC invocations=11 (full 0):
 garbage-first heap   total 1628160K, used 14947K [0x0000000700000000, 0x0000000800000000)
  region size 2048K, 2 young (4096K), 2 survivors (4096K)
 Metaspace       used 10382K, committed 10560K, reserved 1114112K
  class space    used 996K, committed 1088K, reserved 1048576K
}
Event: 5.916 GC heap before
{Heap before GC invocations=11 (full 0):
 garbage-first heap   total 1628160K, used 399971K [0x0000000700000000, 0x0000000800000000)
  region size 2048K, 185 young (378880K), 2 survivors (4096K)
 Metaspace       used 15422K, committed 15616K, reserved 1114112K
  class space    used 1529K, committed 1600K, reserved 1048576K
}
Event: 5.921 GC heap after
{Heap after GC invocations=12 (full 0):
 garbage-first heap   total 1628160K, used 26381K [0x0000000700000000, 0x0000000800000000)
  region size 2048K, 8 young (16384K), 8 survivors (16384K)
 Metaspace       used 15422K, committed 15616K, reserved 1114112K
  class space    used 1529K, committed 1600K, reserved 1048576K
}
Event: 5.965 GC heap before
{Heap before GC invocations=12 (full 0):
 garbage-first heap   total 1628160K, used 198413K [0x0000000700000000, 0x0000000800000000)
  region size 2048K, 93 young (190464K), 8 survivors (16384K)
 Metaspace       used 15438K, committed 15616K, reserved 1114112K
  class space    used 1529K, committed 1600K, reserved 1048576K
}
Event: 5.986 GC heap after
{Heap after GC invocations=13 (full 1):
 garbage-first heap   total 151552K, used 32483K [0x0000000700000000, 0x0000000800000000)
  region size 2048K, 0 young (0K), 0 survivors (0K)
 Metaspace       used 15438K, committed 15616K, reserved 1114112K
  class space    used 1529K, committed 1600K, reserved 1048576K
}
Event: 6.008 GC heap before
{Heap before GC invocations=13 (full 1):
 garbage-first heap   total 151552K, used 93923K [0x0000000700000000, 0x0000000800000000)
  region size 2048K, 30 young (61440K), 0 survivors (0K)
 Metaspace       used 15438K, committed 15616K, reserved 1114112K
  class space    used 1529K, committed 1600K, reserved 1048576K
}
Event: 6.010 GC heap after
{Heap after GC invocations=14 (full 1):
 garbage-first heap   total 151552K, used 35565K [0x0000000700000000, 0x0000000800000000)
  region size 2048K, 2 young (4096K), 2 survivors (4096K)
 Metaspace       used 15438K, committed 15616K, reserved 1114112K
  class space    used 1529K, committed 1600K, reserved 1048576K
}
Event: 6.023 GC heap before
{Heap before GC invocations=14 (full 1):
 garbage-first heap   total 151552K, used 97005K [0x0000000700000000, 0x0000000800000000)
  region size 2048K, 32 young (65536K), 2 survivors (4096K)
 Metaspace       used 15455K, committed 15616K, reserved 1114112K
  class space    used 1529K, committed 1600K, reserved 1048576K
}

