# JRE version: OpenJDK Runtime Environment (17.0.6+10) (build 17.0.6+10-LTS)
# Java VM: OpenJDK 64-Bit Server VM (17.0.6+10-LTS, mixed mode, sharing, tiered, compressed oops, compressed class ptrs, g1 gc, bsd-amd64)
Heap:
 garbage-first heap   total 442368K, used 266145K [0x0000000700000000, 0x0000000800000000)
  region size 2048K, 18 young (36864K), 1 survivors (2048K)
 Metaspace       used 43130K, committed 43520K, reserved 1089536K
  class space    used 4934K, committed 5120K, reserved 1048576K
GC Heap History (20 events):
Event: 86.912 GC heap before
{Heap before GC invocations=54 (full 0):
 garbage-first heap   total 442368K, used 382833K [0x0000000700000000, 0x0000000800000000)
  region size 2048K, 74 young (151552K), 1 survivors (2048K)
 Metaspace       used 42707K, committed 43008K, reserved 1089536K
  class space    used 4913K, committed 5056K, reserved 1048576K
}
Event: 86.913 GC heap after
{Heap after GC invocations=55 (full 0):
 garbage-first heap   total 442368K, used 235195K [0x0000000700000000, 0x0000000800000000)
  region size 2048K, 2 young (4096K), 2 survivors (4096K)
 Metaspace       used 42707K, committed 43008K, reserved 1089536K
  class space    used 4913K, committed 5056K, reserved 1048576K
}
Event: 90.856 GC heap before
{Heap before GC invocations=55 (full 0):
 garbage-first heap   total 442368K, used 384699K [0x0000000700000000, 0x0000000800000000)
  region size 2048K, 75 young (153600K), 2 survivors (4096K)
 Metaspace       used 42719K, committed 43008K, reserved 1089536K
  class space    used 4913K, committed 5056K, reserved 1048576K
}
Event: 90.857 GC heap after
{Heap after GC invocations=56 (full 0):
 garbage-first heap   total 442368K, used 235234K [0x0000000700000000, 0x0000000800000000)
  region size 2048K, 2 young (4096K), 2 survivors (4096K)
 Metaspace       used 42719K, committed 43008K, reserved 1089536K
  class space    used 4913K, committed 5056K, reserved 1048576K
}
Event: 95.809 GC heap before
{Heap before GC invocations=57 (full 0):
 garbage-first heap   total 442368K, used 384738K [0x0000000700000000, 0x0000000800000000)
  region size 2048K, 75 young (153600K), 2 survivors (4096K)
 Metaspace       used 42723K, committed 43008K, reserved 1089536K
  class space    used 4913K, committed 5056K, reserved 1048576K
}
Event: 95.811 GC heap after
{Heap after GC invocations=58 (full 0):
 garbage-first heap   total 442368K, used 234456K [0x0000000700000000, 0x0000000800000000)
  region size 2048K, 2 young (4096K), 2 survivors (4096K)
 Metaspace       used 42723K, committed 43008K, reserved 1089536K
  class space    used 4913K, committed 5056K, reserved 1048576K
}
Event: 96.475 GC heap before
{Heap before GC invocations=58 (full 0):
 garbage-first heap   total 442368K, used 250840K [0x0000000700000000, 0x0000000800000000)
  region size 2048K, 10 young (20480K), 2 survivors (4096K)
 Metaspace       used 42723K, committed 43008K, reserved 1089536K
  class space    used 4913K, committed 5056K, reserved 1048576K
}
Event: 96.478 GC heap after
{Heap after GC invocations=59 (full 0):
 garbage-first heap   total 442368K, used 231724K [0x0000000700000000, 0x0000000800000000)
  region size 2048K, 2 young (4096K), 2 survivors (4096K)
 Metaspace       used 42723K, committed 43008K, reserved 1089536K
  class space    used 4913K, committed 5056K, reserved 1048576K
}
Event: 106.882 GC heap before
{Heap before GC invocations=59 (full 0):
 garbage-first heap   total 442368K, used 385324K [0x0000000700000000, 0x0000000800000000)
  region size 2048K, 77 young (157696K), 2 survivors (4096K)
 Metaspace       used 42723K, committed 43008K, reserved 1089536K
  class space    used 4913K, committed 5056K, reserved 1048576K
}
Event: 106.883 GC heap after
{Heap after GC invocations=60 (full 0):
 garbage-first heap   total 442368K, used 231254K [0x0000000700000000, 0x0000000800000000)
  region size 2048K, 2 young (4096K), 2 survivors (4096K)
 Metaspace       used 42723K, committed 43008K, reserved 1089536K
  class space    used 4913K, committed 5056K, reserved 1048576K
}
Event: 113.312 GC heap before
{Heap before GC invocations=60 (full 0):
 garbage-first heap   total 442368K, used 386902K [0x0000000700000000, 0x0000000800000000)
  region size 2048K, 78 young (159744K), 2 survivors (4096K)
 Metaspace       used 42745K, committed 43008K, reserved 1089536K
  class space    used 4913K, committed 5056K, reserved 1048576K
}
Event: 113.313 GC heap after
{Heap after GC invocations=61 (full 0):
 garbage-first heap   total 442368K, used 232072K [0x0000000700000000, 0x0000000800000000)
  region size 2048K, 2 young (4096K), 2 survivors (4096K)
 Metaspace       used 42745K, committed 43008K, reserved 1089536K
  class space    used 4913K, committed 5056K, reserved 1048576K
}
Event: 120.008 GC heap before
{Heap before GC invocations=61 (full 0):
 garbage-first heap   total 442368K, used 387720K [0x0000000700000000, 0x0000000800000000)
  region size 2048K, 78 young (159744K), 2 survivors (4096K)
 Metaspace       used 42924K, committed 43328K, reserved 1089536K
  class space    used 4928K, committed 5120K, reserved 1048576K
}
Event: 120.010 GC heap after
{Heap after GC invocations=62 (full 0):
 garbage-first heap   total 442368K, used 232502K [0x0000000700000000, 0x0000000800000000)
  region size 2048K, 2 young (4096K), 2 survivors (4096K)
 Metaspace       used 42924K, committed 43328K, reserved 1089536K
  class space    used 4928K, committed 5120K, reserved 1048576K
}
Event: 126.172 GC heap before
{Heap before GC invocations=63 (full 0):
 garbage-first heap   total 442368K, used 388150K [0x0000000700000000, 0x0000000800000000)
  region size 2048K, 78 young (159744K), 2 survivors (4096K)
 Metaspace       used 43086K, committed 43456K, reserved 1089536K
  class space    used 4929K, committed 5120K, reserved 1048576K
}
Event: 126.174 GC heap after
{Heap after GC invocations=64 (full 0):
 garbage-first heap   total 442368K, used 232982K [0x0000000700000000, 0x0000000800000000)
  region size 2048K, 3 young (6144K), 3 survivors (6144K)
 Metaspace       used 43086K, committed 43456K, reserved 1089536K
  class space    used 4929K, committed 5120K, reserved 1048576K
}
Event: 126.795 GC heap before
{Heap before GC invocations=64 (full 0):
 garbage-first heap   total 442368K, used 247318K [0x0000000700000000, 0x0000000800000000)
  region size 2048K, 10 young (20480K), 3 survivors (6144K)
 Metaspace       used 43086K, committed 43456K, reserved 1089536K
  class space    used 4929K, committed 5120K, reserved 1048576K
}
Event: 126.797 GC heap after
{Heap after GC invocations=65 (full 0):
 garbage-first heap   total 442368K, used 231363K [0x0000000700000000, 0x0000000800000000)
  region size 2048K, 1 young (2048K), 1 survivors (2048K)
 Metaspace       used 43086K, committed 43456K, reserved 1089536K
  class space    used 4929K, committed 5120K, reserved 1048576K
}
Event: 132.628 GC heap before
{Heap before GC invocations=65 (full 0):
 garbage-first heap   total 442368K, used 389059K [0x0000000700000000, 0x0000000800000000)
  region size 2048K, 78 young (159744K), 1 survivors (2048K)
 Metaspace       used 43110K, committed 43456K, reserved 1089536K
  class space    used 4929K, committed 5120K, reserved 1048576K
}
Event: 132.630 GC heap after
{Heap after GC invocations=66 (full 0):
 garbage-first heap   total 442368K, used 231329K [0x0000000700000000, 0x0000000800000000)
  region size 2048K, 1 young (2048K), 1 survivors (2048K)
 Metaspace       used 43110K, committed 43456K, reserved 1089536K
  class space    used 4929K, committed 5120K, reserved 1048576K
}

